<?xml version="1.0" encoding="UTF-8"?>
<!-- Generated by org.testng.reporters.JUnitReportReporter -->
<testsuite hostname="FTDT798" name="gridtestexecution.OpenSeleniumGrid" tests="1" failures="0" timestamp="16 Jan 2019 12:42:17 GMT" time="5.996" errors="0">
  <testcase name="testGooglePageTitle" time="5.996" classname="gridtestexecution.OpenSeleniumGrid"/>
</testsuite> <!-- gridtestexecution.OpenSeleniumGrid -->
